<?xml version="1.0" encoding="UTF-8"?>
<!-- Generated by org.testng.reporters.JUnitXMLReporter -->
<testsuite ignored="0" hostname="DESKTOP-3ATMJAD" failures="0" tests="3" name="Default test" time="0.116" errors="0" timestamp="2022-09-27T13:18:03 IST">
  <testcase classname="testNGClass1.BuyShare" name="@BeforeTest launchBrowser" time="-1.664264883448E9">
    <failure type="org.testng.TestNGException" message="
Parameter &amp;apos;browser&amp;apos; is required by BeforeTest on method launchBrowser but has not been marked @Optional or defined
in C:\Users\ADMIN\AppData\Local\Temp\testng-eclipse--186676089\testng-customsuite.xml">
      <![CDATA[org.testng.TestNGException: 
Parameter 'browser' is required by BeforeTest on method launchBrowser but has not been marked @Optional or defined
in C:\Users\ADMIN\AppData\Local\Temp\testng-eclipse--186676089\testng-customsuite.xml
at org.testng.internal.Parameters.createParams(Parameters.java:270)
at org.testng.internal.Parameters.createParametersForMethod(Parameters.java:358)
at org.testng.internal.Parameters.createParameters(Parameters.java:700)
at org.testng.internal.Parameters.createConfigurationParameters(Parameters.java:168)
at org.testng.internal.ConfigInvoker.invokeConfigurations(ConfigInvoker.java:302)
at org.testng.TestRunner.invokeTestConfigurations(TestRunner.java:637)
at org.testng.TestRunner.beforeRun(TestRunner.java:627)
at org.testng.TestRunner.run(TestRunner.java:589)
at org.testng.SuiteRunner.runTest(SuiteRunner.java:377)
at org.testng.SuiteRunner.runSequentially(SuiteRunner.java:371)
at org.testng.SuiteRunner.privateRun(SuiteRunner.java:332)
at org.testng.SuiteRunner.run(SuiteRunner.java:276)
at org.testng.SuiteRunnerWorker.runSuite(SuiteRunnerWorker.java:53)
at org.testng.SuiteRunnerWorker.run(SuiteRunnerWorker.java:96)
at org.testng.TestNG.runSuitesSequentially(TestNG.java:1212)
at org.testng.TestNG.runSuitesLocally(TestNG.java:1134)
at org.testng.TestNG.runSuites(TestNG.java:1063)
at org.testng.TestNG.run(TestNG.java:1031)
at org.testng.remote.AbstractRemoteTestNG.run(AbstractRemoteTestNG.java:115)
at org.testng.remote.RemoteTestNG.initAndRun(RemoteTestNG.java:251)
at org.testng.remote.RemoteTestNG.main(RemoteTestNG.java:77)
]]>
    </failure>
  </testcase> <!-- @BeforeTest launchBrowser -->
  <testcase classname="testNGClass1.BuyShare" name="@BeforeClass lounchBrowser" time="-1.664264883493E9">
    <skipped/>
  </testcase> <!-- @BeforeClass lounchBrowser -->
  <testcase classname="testNGClass1.BuyShare" name="@BeforeMethod loginAngelOne" time="-1.664264883513E9">
    <skipped/>
  </testcase> <!-- @BeforeMethod loginAngelOne -->
  <testcase classname="testNGClass1.BuyShare" name="@AfterMethod captureScreenShot" time="-1.664264883523E9">
    <skipped/>
  </testcase> <!-- @AfterMethod captureScreenShot -->
  <testcase classname="testNGClass1.BuyShare" name="@BeforeMethod loginAngelOne" time="-1.664264883526E9">
    <skipped/>
  </testcase> <!-- @BeforeMethod loginAngelOne -->
  <testcase classname="testNGClass1.BuyShare" name="@AfterMethod captureScreenShot" time="-1.664264883532E9">
    <skipped/>
  </testcase> <!-- @AfterMethod captureScreenShot -->
  <testcase classname="testNGClass1.BuyShare" name="@BeforeMethod loginAngelOne" time="-1.664264883533E9">
    <skipped/>
  </testcase> <!-- @BeforeMethod loginAngelOne -->
  <testcase classname="testNGClass1.BuyShare" name="@AfterMethod captureScreenShot" time="-1.664264883538E9">
    <skipped/>
  </testcase> <!-- @AfterMethod captureScreenShot -->
  <testcase classname="testNGClass1.BuyShare" name="@AfterClass cleanPOMObject" time="-1.664264883548E9">
    <skipped/>
  </testcase> <!-- @AfterClass cleanPOMObject -->
  <testcase classname="testNGClass1.BuyShare" name="@AfterTest closeBrowser" time="-1.664264883553E9">
    <skipped/>
  </testcase> <!-- @AfterTest closeBrowser -->
  <testcase classname="testNGClass1.BuyShare" name="open" time="0.0">
    <skipped/>
  </testcase> <!-- open -->
  <testcase classname="testNGClass1.BuyShare" name="openMarket" time="0.0">
    <skipped/>
  </testcase> <!-- openMarket -->
  <testcase classname="testNGClass1.BuyShare" name="openOrder" time="0.0">
    <skipped/>
  </testcase> <!-- openOrder -->
</testsuite> <!-- Default test -->
